g:\programming\graphics engine\dx11starter\release\instanceps.cso
g:\programming\graphics engine\dx11starter\release\instancevs.cso
g:\programming\graphics engine\dx11starter\release\pixelshader.cso
g:\programming\graphics engine\dx11starter\release\skyps.cso
g:\programming\graphics engine\dx11starter\release\skyvs.cso
g:\programming\graphics engine\dx11starter\release\vertexshader.cso
g:\programming\graphics engine\dx11starter\release\vc140.pdb
g:\programming\graphics engine\dx11starter\release\tetrisblock.obj
g:\programming\graphics engine\dx11starter\release\tetris.obj
g:\programming\graphics engine\dx11starter\release\simpleshader.obj
g:\programming\graphics engine\dx11starter\release\renderer.obj
g:\programming\graphics engine\dx11starter\release\mesh.obj
g:\programming\graphics engine\dx11starter\release\material.obj
g:\programming\graphics engine\dx11starter\release\main.obj
g:\programming\graphics engine\dx11starter\release\gameentity.obj
g:\programming\graphics engine\dx11starter\release\game.obj
g:\programming\graphics engine\dx11starter\release\dxcore.obj
g:\programming\graphics engine\dx11starter\release\consolebuddy.obj
g:\programming\graphics engine\dx11starter\release\camera.obj
g:\programming\graphics engine\dx11starter\release\dx11starter.ipdb
g:\programming\graphics engine\dx11starter\release\dx11starter.iobj
g:\programming\graphics engine\dx11starter\release\dx11starter.pdb
g:\programming\graphics engine\dx11starter\release\dx11starter.tlog\dx11starter.write.1u.tlog
g:\programming\graphics engine\dx11starter\release\dx11starter.tlog\fxc.read.1.tlog
g:\programming\graphics engine\dx11starter\release\dx11starter.tlog\fxc.write.1.tlog
g:\programming\graphics engine\dx11starter\release\dx11starter.tlog\fxc.command.1.tlog
g:\programming\graphics engine\dx11starter\release\dx11starter.tlog\cl.read.1.tlog
g:\programming\graphics engine\dx11starter\release\dx11starter.tlog\cl.write.1.tlog
g:\programming\graphics engine\dx11starter\release\dx11starter.tlog\cl.command.1.tlog
g:\programming\graphics engine\dx11starter\release\dx11starter.tlog\link.read.1.tlog
g:\programming\graphics engine\dx11starter\release\dx11starter.tlog\link.command.1.tlog
g:\programming\graphics engine\dx11starter\release\dx11starter.tlog\link.write.1.tlog
